{"/Users/mac/Desktop/Creditra-Backend/src/data/creditLines.ts": {"path":"/Users/mac/Desktop/Creditra-Backend/src/data/creditLines.ts","statementMap":{"0":{"start":{"line":10,"column":41},"end":{"line":19,"column":2}}},"fnMap":{},"branchMap":{},"s":{"0":1},"f":{},"b":{}}
,"/Users/mac/Desktop/Creditra-Backend/src/routes/credit.ts": {"path":"/Users/mac/Desktop/Creditra-Backend/src/routes/credit.ts","statementMap":{"0":{"start":{"line":5,"column":28},"end":{"line":5,"column":36}},"1":{"start":{"line":7,"column":0},"end":{"line":10,"column":3}},"2":{"start":{"line":8,"column":17},"end":{"line":8,"column":84}},"3":{"start":{"line":9,"column":2},"end":{"line":9,"column":19}},"4":{"start":{"line":12,"column":0},"end":{"line":18,"column":3}},"5":{"start":{"line":13,"column":15},"end":{"line":13,"column":62}},"6":{"start":{"line":13,"column":39},"end":{"line":13,"column":61}},"7":{"start":{"line":14,"column":2},"end":{"line":16,"column":3}},"8":{"start":{"line":15,"column":4},"end":{"line":15,"column":87}},"9":{"start":{"line":17,"column":2},"end":{"line":17,"column":17}}},"fnMap":{"0":{"name":"(anonymous_0)","decl":{"start":{"line":7,"column":27},"end":{"line":7,"column":28}},"loc":{"start":{"line":7,"column":40},"end":{"line":10,"column":1}}},"1":{"name":"(anonymous_1)","decl":{"start":{"line":12,"column":31},"end":{"line":12,"column":32}},"loc":{"start":{"line":12,"column":44},"end":{"line":18,"column":1}}},"2":{"name":"(anonymous_2)","decl":{"start":{"line":13,"column":32},"end":{"line":13,"column":33}},"loc":{"start":{"line":13,"column":39},"end":{"line":13,"column":61}}}},"branchMap":{"0":{"loc":{"start":{"line":14,"column":2},"end":{"line":16,"column":3}},"type":"if","locations":[{"start":{"line":14,"column":2},"end":{"line":16,"column":3}}]}},"s":{"0":1,"1":1,"2":18,"3":18,"4":1,"5":2,"6":9,"7":2,"8":1,"9":1},"f":{"0":18,"1":2,"2":9},"b":{"0":[1]}}
,"/Users/mac/Desktop/Creditra-Backend/src/utils/paginate.ts": {"path":"/Users/mac/Desktop/Creditra-Backend/src/utils/paginate.ts","statementMap":{"0":{"start":{"line":23,"column":21},"end":{"line":23,"column":52}},"1":{"start":{"line":24,"column":25},"end":{"line":24,"column":61}},"2":{"start":{"line":25,"column":15},"end":{"line":25,"column":62}},"3":{"start":{"line":26,"column":19},"end":{"line":26,"column":90}},"4":{"start":{"line":27,"column":17},"end":{"line":27,"column":44}},"5":{"start":{"line":28,"column":24},"end":{"line":28,"column":71}},"6":{"start":{"line":31,"column":17},"end":{"line":35,"column":4}},"7":{"start":{"line":32,"column":4},"end":{"line":32,"column":67}},"8":{"start":{"line":32,"column":54},"end":{"line":32,"column":67}},"9":{"start":{"line":33,"column":4},"end":{"line":33,"column":108}},"10":{"start":{"line":33,"column":95},"end":{"line":33,"column":108}},"11":{"start":{"line":34,"column":4},"end":{"line":34,"column":16}},"12":{"start":{"line":38,"column":2},"end":{"line":44,"column":5}},"13":{"start":{"line":39,"column":17},"end":{"line":39,"column":52}},"14":{"start":{"line":40,"column":17},"end":{"line":40,"column":52}},"15":{"start":{"line":41,"column":4},"end":{"line":41,"column":61}},"16":{"start":{"line":41,"column":21},"end":{"line":41,"column":61}},"17":{"start":{"line":42,"column":4},"end":{"line":42,"column":61}},"18":{"start":{"line":42,"column":21},"end":{"line":42,"column":61}},"19":{"start":{"line":43,"column":4},"end":{"line":43,"column":13}},"20":{"start":{"line":47,"column":16},"end":{"line":47,"column":31}},"21":{"start":{"line":48,"column":16},"end":{"line":48,"column":37}},"22":{"start":{"line":49,"column":16},"end":{"line":49,"column":55}},"23":{"start":{"line":51,"column":2},"end":{"line":51,"column":42}}},"fnMap":{"0":{"name":"paginateAndFilter","decl":{"start":{"line":19,"column":16},"end":{"line":19,"column":33}},"loc":{"start":{"line":21,"column":24},"end":{"line":52,"column":1}}},"1":{"name":"(anonymous_1)","decl":{"start":{"line":31,"column":29},"end":{"line":31,"column":30}},"loc":{"start":{"line":31,"column":38},"end":{"line":35,"column":3}}},"2":{"name":"(anonymous_2)","decl":{"start":{"line":38,"column":16},"end":{"line":38,"column":17}},"loc":{"start":{"line":38,"column":25},"end":{"line":44,"column":3}}}},"branchMap":{"0":{"loc":{"start":{"line":23,"column":30},"end":{"line":23,"column":47}},"type":"binary-expr","locations":[{"start":{"line":23,"column":30},"end":{"line":23,"column":40}},{"start":{"line":23,"column":44},"end":{"line":23,"column":47}}]},"1":{"loc":{"start":{"line":24,"column":34},"end":{"line":24,"column":56}},"type":"binary-expr","locations":[{"start":{"line":24,"column":34},"end":{"line":24,"column":48}},{"start":{"line":24,"column":52},"end":{"line":24,"column":56}}]},"2":{"loc":{"start":{"line":25,"column":27},"end":{"line":25,"column":61}},"type":"cond-expr","locations":[{"start":{"line":25,"column":47},"end":{"line":25,"column":48}},{"start":{"line":25,"column":51},"end":{"line":25,"column":61}}]},"3":{"loc":{"start":{"line":26,"column":45},"end":{"line":26,"column":88}},"type":"cond-expr","locations":[{"start":{"line":26,"column":69},"end":{"line":26,"column":71}},{"start":{"line":26,"column":74},"end":{"line":26,"column":88}}]},"4":{"loc":{"start":{"line":27,"column":17},"end":{"line":27,"column":44}},"type":"binary-expr","locations":[{"start":{"line":27,"column":17},"end":{"line":27,"column":29}},{"start":{"line":27,"column":33},"end":{"line":27,"column":44}}]},"5":{"loc":{"start":{"line":28,"column":24},"end":{"line":28,"column":71}},"type":"cond-expr","locations":[{"start":{"line":28,"column":57},"end":{"line":28,"column":63}},{"start":{"line":28,"column":66},"end":{"line":28,"column":71}}]},"6":{"loc":{"start":{"line":32,"column":4},"end":{"line":32,"column":67}},"type":"if","locations":[{"start":{"line":32,"column":4},"end":{"line":32,"column":67}}]},"7":{"loc":{"start":{"line":32,"column":8},"end":{"line":32,"column":52}},"type":"binary-expr","locations":[{"start":{"line":32,"column":8},"end":{"line":32,"column":20}},{"start":{"line":32,"column":24},"end":{"line":32,"column":52}}]},"8":{"loc":{"start":{"line":33,"column":4},"end":{"line":33,"column":108}},"type":"if","locations":[{"start":{"line":33,"column":4},"end":{"line":33,"column":108}}]},"9":{"loc":{"start":{"line":33,"column":8},"end":{"line":33,"column":93}},"type":"binary-expr","locations":[{"start":{"line":33,"column":8},"end":{"line":33,"column":22}},{"start":{"line":33,"column":26},"end":{"line":33,"column":93}}]},"10":{"loc":{"start":{"line":39,"column":17},"end":{"line":39,"column":52}},"type":"binary-expr","locations":[{"start":{"line":39,"column":17},"end":{"line":39,"column":46}},{"start":{"line":39,"column":50},"end":{"line":39,"column":52}}]},"11":{"loc":{"start":{"line":40,"column":17},"end":{"line":40,"column":52}},"type":"binary-expr","locations":[{"start":{"line":40,"column":17},"end":{"line":40,"column":46}},{"start":{"line":40,"column":50},"end":{"line":40,"column":52}}]},"12":{"loc":{"start":{"line":41,"column":4},"end":{"line":41,"column":61}},"type":"if","locations":[{"start":{"line":41,"column":4},"end":{"line":41,"column":61}}]},"13":{"loc":{"start":{"line":41,"column":28},"end":{"line":41,"column":60}},"type":"cond-expr","locations":[{"start":{"line":41,"column":54},"end":{"line":41,"column":56}},{"start":{"line":41,"column":59},"end":{"line":41,"column":60}}]},"14":{"loc":{"start":{"line":42,"column":4},"end":{"line":42,"column":61}},"type":"if","locations":[{"start":{"line":42,"column":4},"end":{"line":42,"column":61}}]},"15":{"loc":{"start":{"line":42,"column":28},"end":{"line":42,"column":60}},"type":"cond-expr","locations":[{"start":{"line":42,"column":54},"end":{"line":42,"column":55}},{"start":{"line":42,"column":58},"end":{"line":42,"column":60}}]}},"s":{"0":24,"1":24,"2":24,"3":24,"4":24,"5":24,"6":24,"7":184,"8":28,"9":156,"10":18,"11":138,"12":24,"13":144,"14":144,"15":144,"16":22,"17":122,"18":110,"19":12,"20":24,"21":24,"22":24,"23":24},"f":{"0":24,"1":184,"2":144},"b":{"0":[24,19],"1":[24,18],"2":[1,23],"3":[1,23],"4":[24,20],"5":[1,23],"6":[28],"7":[184,40],"8":[18],"9":[156,28],"10":[144,7],"11":[144,7],"12":[22],"13":[14,8],"14":[110],"15":[101,9]}}
}
