TN:
SF:src/data/creditLines.ts
FNF:0
FNH:0
DA:10,1
LF:1
LH:1
BRF:0
BRH:0
end_of_record
TN:
SF:src/routes/credit.ts
FN:7,(anonymous_0)
FN:12,(anonymous_1)
FN:13,(anonymous_2)
FNF:3
FNH:3
FNDA:18,(anonymous_0)
FNDA:2,(anonymous_1)
FNDA:9,(anonymous_2)
DA:5,1
DA:7,1
DA:8,18
DA:9,18
DA:12,1
DA:13,9
DA:14,2
DA:15,1
DA:17,1
LF:9
LH:9
BRDA:14,0,0,1
BRF:1
BRH:1
end_of_record
TN:
SF:src/utils/paginate.ts
FN:19,paginateAndFilter
FN:31,(anonymous_1)
FN:38,(anonymous_2)
FNF:3
FNH:3
FNDA:24,paginateAndFilter
FNDA:184,(anonymous_1)
FNDA:144,(anonymous_2)
DA:23,24
DA:24,24
DA:25,24
DA:26,24
DA:27,24
DA:28,24
DA:31,24
DA:32,184
DA:33,156
DA:34,138
DA:38,24
DA:39,144
DA:40,144
DA:41,144
DA:42,122
DA:43,12
DA:47,24
DA:48,24
DA:49,24
DA:51,24
LF:20
LH:20
BRDA:23,0,0,24
BRDA:23,0,1,19
BRDA:24,1,0,24
BRDA:24,1,1,18
BRDA:25,2,0,1
BRDA:25,2,1,23
BRDA:26,3,0,1
BRDA:26,3,1,23
BRDA:27,4,0,24
BRDA:27,4,1,20
BRDA:28,5,0,1
BRDA:28,5,1,23
BRDA:32,6,0,28
BRDA:32,7,0,184
BRDA:32,7,1,40
BRDA:33,8,0,18
BRDA:33,9,0,156
BRDA:33,9,1,28
BRDA:39,10,0,144
BRDA:39,10,1,7
BRDA:40,11,0,144
BRDA:40,11,1,7
BRDA:41,12,0,22
BRDA:41,13,0,14
BRDA:41,13,1,8
BRDA:42,14,0,110
BRDA:42,15,0,101
BRDA:42,15,1,9
BRF:28
BRH:28
end_of_record
